********************************************************************************
PACKAGE-LOG: 2015-10-21 11:11:33
NOTICE: Do NOT post to public sites or forums 
********************************************************************************
VERSION:	0.5.32
WORDPRESS:	4.3
PHP INFO:	5.5.28 | SAPI: apache2handler
SERVER:		Apache/2.4.16 (Unix) OpenSSL/1.0.1p PHP/5.5.28 mod_perl/2.0.8-dev Perl/v5.16.3 
PHP TIME LIMIT: (0) no time limit imposed 
PHP MAX MEMORY: 5000M (128M default) 
MEMORY STACK: 32MB 

********************************************************************************
DATABASE:
********************************************************************************
BUILD MODE:   PHP(query limit - 100)
MYSQLTIMEOUT: 5000
MYSQLDUMP:    Is Supported 
TABLES: total:15 | filtered:0 | create:15 
FILTERED: [] 
SQL CREATED: 20151021_kentico_56277240399f54401151021110848_database.sql 
file size:75744365 
SQL FILE SIZE: 72.24MB 
SQL FILE TIME: 2015-10-21 11:16:22 
SQL RUNTIME: 288.23 sec. 

******************************************************************************** 
ARCHIVE (ZIP): 
******************************************************************************** 
ARCHIVE DIR:  /Applications/XAMPP/xamppfiles/htdocs/wp 
ARCHIVE FILE: 20151021_kentico_56277240399f54401151021110848_archive.zip 
FILTERS: *OFF* 
DIRS:  not set 
EXTS:  not set 
---------------------------------------- 
COMPRESSING 
SIZE:	50.36MB 
STATS:	Dirs 502 | Files 3,357 
SQL ADDED: 20151021_kentico_56277240399f54401151021110848_database.sql 
ZipArchive Object
(
    [status] => 0
    [statusSys] => 0
    [numFiles] => 3859
    [filename] => /Applications/XAMPP/xamppfiles/htdocs/wp/wp-snapshots/tmp/20151021_kentico_56277240399f54401151021110848_archive.zip
    [comment] => 
)
 
COMPRESSION RESULT: '1' 
COMPRESSED SIZE: 32.54MB 
ARCHIVE RUNTIME: 20.76 sec. 
MEMORY STACK: 34MB 

******************************************************************************** 
MAKE INSTALLER: 
******************************************************************************** 
Build Start 
Build Finished 
Preping for use 
Template parsed with new data 
Complete [/Applications/XAMPP/xamppfiles/htdocs/wp/wp-snapshots/tmp/20151021_kentico_56277240399f54401151021110848_installer.php] 
Added to archive 

******************************************************************************** 
INTEGRITY CHECKS: 
******************************************************************************** 
SQL File: 72.24MB 
Installer File: 318.03KB 
Archive File: 32.54MB  

********************************************************************************
RECORD ID:[1]
TOTAL PROCESS RUNTIME: 311.94 sec.
PEAK PHP MEMORY USED: 36MB
DONE PROCESSING => 20151021_kentico 2015-10-21 11:16:45
 
